mode: set
github.com/go-park-mail-ru/2025_2_Avrora/main.go:14.13,34.16 7 0
github.com/go-park-mail-ru/2025_2_Avrora/main.go:34.16,36.3 1 0
github.com/go-park-mail-ru/2025_2_Avrora/main.go:38.2,40.18 3 0
github.com/go-park-mail-ru/2025_2_Avrora/main.go:40.18,42.3 1 0
github.com/go-park-mail-ru/2025_2_Avrora/main.go:44.2,45.16 2 0
github.com/go-park-mail-ru/2025_2_Avrora/main.go:45.16,47.3 1 0
github.com/go-park-mail-ru/2025_2_Avrora/main.go:49.2,51.82 2 0
github.com/go-park-mail-ru/2025_2_Avrora/main.go:51.82,53.3 1 0
github.com/go-park-mail-ru/2025_2_Avrora/main.go:55.2,55.79 1 0
github.com/go-park-mail-ru/2025_2_Avrora/main.go:55.79,57.3 1 0
github.com/go-park-mail-ru/2025_2_Avrora/main.go:59.2,59.80 1 0
github.com/go-park-mail-ru/2025_2_Avrora/main.go:59.80,61.3 1 0
github.com/go-park-mail-ru/2025_2_Avrora/main.go:63.2,63.80 1 0
github.com/go-park-mail-ru/2025_2_Avrora/main.go:63.80,65.3 1 0
github.com/go-park-mail-ru/2025_2_Avrora/main.go:67.2,72.59 4 0
github.com/go-park-mail-ru/2025_2_Avrora/response/errors.go:13.41,17.2 1 1
github.com/go-park-mail-ru/2025_2_Avrora/response/errors.go:19.58,22.53 3 1
github.com/go-park-mail-ru/2025_2_Avrora/response/errors.go:22.53,24.3 1 0
github.com/go-park-mail-ru/2025_2_Avrora/response/errors.go:27.84,30.2 2 1
github.com/go-park-mail-ru/2025_2_Avrora/utils/env.go:23.16,25.16 2 0
github.com/go-park-mail-ru/2025_2_Avrora/utils/env.go:25.16,27.3 1 0
github.com/go-park-mail-ru/2025_2_Avrora/utils/env.go:29.2,30.23 2 0
github.com/go-park-mail-ru/2025_2_Avrora/utils/env.go:30.23,32.3 1 0
github.com/go-park-mail-ru/2025_2_Avrora/utils/env.go:34.2,36.44 2 0
github.com/go-park-mail-ru/2025_2_Avrora/utils/env.go:36.44,37.48 1 0
github.com/go-park-mail-ru/2025_2_Avrora/utils/env.go:37.48,39.4 1 0
github.com/go-park-mail-ru/2025_2_Avrora/utils/env.go:40.3,40.90 1 0
github.com/go-park-mail-ru/2025_2_Avrora/utils/env.go:41.8,43.49 2 0
github.com/go-park-mail-ru/2025_2_Avrora/utils/env.go:43.49,45.4 1 0
github.com/go-park-mail-ru/2025_2_Avrora/utils/env.go:45.9,47.4 1 0
github.com/go-park-mail-ru/2025_2_Avrora/utils/env.go:50.2,50.19 1 0
github.com/go-park-mail-ru/2025_2_Avrora/utils/env.go:53.46,55.6 2 1
github.com/go-park-mail-ru/2025_2_Avrora/utils/env.go:55.6,56.66 1 1
github.com/go-park-mail-ru/2025_2_Avrora/utils/env.go:56.66,58.4 1 1
github.com/go-park-mail-ru/2025_2_Avrora/utils/env.go:60.3,61.20 2 1
github.com/go-park-mail-ru/2025_2_Avrora/utils/env.go:61.20,62.9 1 0
github.com/go-park-mail-ru/2025_2_Avrora/utils/env.go:64.3,64.15 1 1
github.com/go-park-mail-ru/2025_2_Avrora/utils/env.go:66.2,66.11 1 0
github.com/go-park-mail-ru/2025_2_Avrora/utils/env.go:69.24,71.38 2 1
github.com/go-park-mail-ru/2025_2_Avrora/utils/env.go:71.38,72.39 1 1
github.com/go-park-mail-ru/2025_2_Avrora/utils/env.go:72.39,74.4 1 0
github.com/go-park-mail-ru/2025_2_Avrora/utils/env.go:77.2,77.22 1 1
github.com/go-park-mail-ru/2025_2_Avrora/utils/env.go:77.22,79.3 1 0
github.com/go-park-mail-ru/2025_2_Avrora/utils/env.go:81.2,81.105 1 1
github.com/go-park-mail-ru/2025_2_Avrora/utils/env.go:84.30,93.2 1 1
github.com/go-park-mail-ru/2025_2_Avrora/utils/jwt.go:14.51,15.18 1 1
github.com/go-park-mail-ru/2025_2_Avrora/utils/jwt.go:15.18,16.38 1 1
github.com/go-park-mail-ru/2025_2_Avrora/utils/jwt.go:18.2,20.3 1 1
github.com/go-park-mail-ru/2025_2_Avrora/utils/jwt.go:23.67,30.2 2 1
github.com/go-park-mail-ru/2025_2_Avrora/utils/jwt.go:32.61,37.2 2 1
github.com/go-park-mail-ru/2025_2_Avrora/utils/jwt.go:39.69,40.80 1 1
github.com/go-park-mail-ru/2025_2_Avrora/utils/jwt.go:40.80,41.58 1 1
github.com/go-park-mail-ru/2025_2_Avrora/utils/jwt.go:41.58,43.4 1 0
github.com/go-park-mail-ru/2025_2_Avrora/utils/jwt.go:44.3,44.23 1 1
github.com/go-park-mail-ru/2025_2_Avrora/utils/jwt.go:46.2,46.16 1 1
github.com/go-park-mail-ru/2025_2_Avrora/utils/jwt.go:46.16,48.3 1 1
github.com/go-park-mail-ru/2025_2_Avrora/utils/jwt.go:50.2,50.67 1 1
github.com/go-park-mail-ru/2025_2_Avrora/utils/jwt.go:50.67,51.51 1 1
github.com/go-park-mail-ru/2025_2_Avrora/utils/jwt.go:51.51,53.4 1 1
github.com/go-park-mail-ru/2025_2_Avrora/utils/jwt.go:54.3,54.74 1 1
github.com/go-park-mail-ru/2025_2_Avrora/utils/jwt.go:57.2,57.70 1 0
github.com/go-park-mail-ru/2025_2_Avrora/utils/password.go:15.64,16.18 1 1
github.com/go-park-mail-ru/2025_2_Avrora/utils/password.go:16.18,18.3 1 1
github.com/go-park-mail-ru/2025_2_Avrora/utils/password.go:19.2,19.45 1 1
github.com/go-park-mail-ru/2025_2_Avrora/utils/password.go:22.65,23.20 1 1
github.com/go-park-mail-ru/2025_2_Avrora/utils/password.go:23.20,25.3 1 1
github.com/go-park-mail-ru/2025_2_Avrora/utils/password.go:27.2,30.16 3 1
github.com/go-park-mail-ru/2025_2_Avrora/utils/password.go:30.16,32.3 1 0
github.com/go-park-mail-ru/2025_2_Avrora/utils/password.go:34.2,34.26 1 1
github.com/go-park-mail-ru/2025_2_Avrora/utils/password.go:37.63,41.2 3 1
github.com/go-park-mail-ru/2025_2_Avrora/middleware/auth.go:15.81,16.46 1 1
github.com/go-park-mail-ru/2025_2_Avrora/middleware/auth.go:16.46,17.72 1 1
github.com/go-park-mail-ru/2025_2_Avrora/middleware/auth.go:17.72,19.24 2 1
github.com/go-park-mail-ru/2025_2_Avrora/middleware/auth.go:19.24,22.5 2 1
github.com/go-park-mail-ru/2025_2_Avrora/middleware/auth.go:24.4,25.94 2 1
github.com/go-park-mail-ru/2025_2_Avrora/middleware/auth.go:25.94,28.5 2 1
github.com/go-park-mail-ru/2025_2_Avrora/middleware/auth.go:30.4,32.18 3 1
github.com/go-park-mail-ru/2025_2_Avrora/middleware/auth.go:32.18,35.5 2 1
github.com/go-park-mail-ru/2025_2_Avrora/middleware/auth.go:37.4,38.41 2 1
github.com/go-park-mail-ru/2025_2_Avrora/middleware/auth.go:43.61,46.2 2 1
github.com/go-park-mail-ru/2025_2_Avrora/middleware/cors.go:7.73,8.71 1 1
github.com/go-park-mail-ru/2025_2_Avrora/middleware/cors.go:8.71,14.37 5 1
github.com/go-park-mail-ru/2025_2_Avrora/middleware/cors.go:14.37,17.4 2 1
github.com/go-park-mail-ru/2025_2_Avrora/middleware/cors.go:19.3,19.23 1 1
github.com/go-park-mail-ru/2025_2_Avrora/db/db.go:22.48,24.16 2 1
github.com/go-park-mail-ru/2025_2_Avrora/db/db.go:24.16,26.3 1 0
github.com/go-park-mail-ru/2025_2_Avrora/db/db.go:28.2,28.34 1 1
github.com/go-park-mail-ru/2025_2_Avrora/db/db.go:28.34,30.3 1 0
github.com/go-park-mail-ru/2025_2_Avrora/db/db.go:32.2,32.44 1 1
github.com/go-park-mail-ru/2025_2_Avrora/db/db.go:32.44,34.3 1 0
github.com/go-park-mail-ru/2025_2_Avrora/db/db.go:36.2,37.27 2 1
github.com/go-park-mail-ru/2025_2_Avrora/db/db.go:41.45,43.16 2 0
github.com/go-park-mail-ru/2025_2_Avrora/db/db.go:43.16,45.3 1 0
github.com/go-park-mail-ru/2025_2_Avrora/db/db.go:48.2,48.31 1 0
github.com/go-park-mail-ru/2025_2_Avrora/db/db.go:48.31,51.3 2 0
github.com/go-park-mail-ru/2025_2_Avrora/db/db.go:54.2,54.38 1 0
github.com/go-park-mail-ru/2025_2_Avrora/db/db.go:57.33,60.16 2 1
github.com/go-park-mail-ru/2025_2_Avrora/db/db.go:60.16,62.3 1 0
github.com/go-park-mail-ru/2025_2_Avrora/db/db.go:65.2,71.34 2 1
github.com/go-park-mail-ru/2025_2_Avrora/db/db.go:71.34,72.61 1 1
github.com/go-park-mail-ru/2025_2_Avrora/db/db.go:72.61,74.4 1 1
github.com/go-park-mail-ru/2025_2_Avrora/db/db.go:77.2,78.11 2 0
github.com/go-park-mail-ru/2025_2_Avrora/db/db.go:81.40,82.34 1 1
github.com/go-park-mail-ru/2025_2_Avrora/db/db.go:82.34,84.3 1 0
github.com/go-park-mail-ru/2025_2_Avrora/db/db.go:86.2,87.16 2 1
github.com/go-park-mail-ru/2025_2_Avrora/db/db.go:87.16,89.3 1 0
github.com/go-park-mail-ru/2025_2_Avrora/db/db.go:91.2,96.16 2 1
github.com/go-park-mail-ru/2025_2_Avrora/db/db.go:96.16,98.3 1 0
github.com/go-park-mail-ru/2025_2_Avrora/db/db.go:102.2,103.46 2 1
github.com/go-park-mail-ru/2025_2_Avrora/db/db.go:103.46,105.3 1 0
github.com/go-park-mail-ru/2025_2_Avrora/db/db.go:107.2,107.34 1 1
github.com/go-park-mail-ru/2025_2_Avrora/db/db.go:107.34,109.3 1 0
github.com/go-park-mail-ru/2025_2_Avrora/db/db.go:111.2,112.12 2 1
github.com/go-park-mail-ru/2025_2_Avrora/db/db.go:115.32,117.2 1 1
github.com/go-park-mail-ru/2025_2_Avrora/db/db.go:119.46,121.16 2 0
github.com/go-park-mail-ru/2025_2_Avrora/db/db.go:121.16,123.3 1 0
github.com/go-park-mail-ru/2025_2_Avrora/db/db.go:125.2,130.16 2 0
github.com/go-park-mail-ru/2025_2_Avrora/db/db.go:130.16,132.3 1 0
github.com/go-park-mail-ru/2025_2_Avrora/db/db.go:135.2,135.29 1 0
github.com/go-park-mail-ru/2025_2_Avrora/db/db.go:138.39,145.2 2 1
github.com/go-park-mail-ru/2025_2_Avrora/db/offer_repo.go:14.35,16.2 1 1
github.com/go-park-mail-ru/2025_2_Avrora/db/offer_repo.go:19.62,41.16 3 1
github.com/go-park-mail-ru/2025_2_Avrora/db/offer_repo.go:41.16,43.3 1 0
github.com/go-park-mail-ru/2025_2_Avrora/db/offer_repo.go:44.2,44.19 1 1
github.com/go-park-mail-ru/2025_2_Avrora/db/offer_repo.go:48.71,57.16 3 1
github.com/go-park-mail-ru/2025_2_Avrora/db/offer_repo.go:57.16,59.3 1 0
github.com/go-park-mail-ru/2025_2_Avrora/db/offer_repo.go:60.2,63.18 3 1
github.com/go-park-mail-ru/2025_2_Avrora/db/offer_repo.go:63.18,81.17 3 1
github.com/go-park-mail-ru/2025_2_Avrora/db/offer_repo.go:81.17,83.4 1 0
github.com/go-park-mail-ru/2025_2_Avrora/db/offer_repo.go:84.3,84.29 1 1
github.com/go-park-mail-ru/2025_2_Avrora/db/offer_repo.go:87.2,87.27 1 1
github.com/go-park-mail-ru/2025_2_Avrora/db/offer_repo.go:91.56,114.2 3 1
github.com/go-park-mail-ru/2025_2_Avrora/db/offer_repo.go:117.56,137.2 3 1
github.com/go-park-mail-ru/2025_2_Avrora/db/offer_repo.go:140.46,144.2 3 1
github.com/go-park-mail-ru/2025_2_Avrora/db/offer_repo.go:147.40,149.2 1 1
github.com/go-park-mail-ru/2025_2_Avrora/db/user_repo.go:13.33,15.2 1 0
github.com/go-park-mail-ru/2025_2_Avrora/db/user_repo.go:17.69,21.16 3 0
github.com/go-park-mail-ru/2025_2_Avrora/db/user_repo.go:21.16,23.3 1 0
github.com/go-park-mail-ru/2025_2_Avrora/db/user_repo.go:24.2,24.18 1 0
github.com/go-park-mail-ru/2025_2_Avrora/db/user_repo.go:27.53,32.2 1 0
github.com/go-park-mail-ru/2025_2_Avrora/db/user_repo.go:34.44,37.2 2 0
